2020-02-08 01:22:26,843 INFO c.s.h.u.d.BeanFactory [main] Object of class com.senla.hotel.Main@573906eb is created
2020-02-08 01:22:26,857 INFO c.s.h.u.d.BeanFactory [main] Object of class com.senla.hotel.backend.repository.guest.GuestDao@babafc2 is created
2020-02-08 01:22:26,858 INFO c.s.h.u.d.BeanFactory [main] Object of class com.senla.hotel.backend.repository.guest.GuestSerialisation@600b9d27 is created
2020-02-08 01:22:26,859 INFO c.s.h.u.d.BeanFactory [main] Object of class com.senla.hotel.backend.repository.residence.ResidenceDao@7922d892 is created
2020-02-08 01:22:26,860 INFO c.s.h.u.d.BeanFactory [main] Object of class com.senla.hotel.backend.repository.room.RoomDao@50de186c is created
2020-02-08 01:22:26,861 INFO c.s.h.u.d.BeanFactory [main] Object of class com.senla.hotel.backend.repository.room.RoomSerialisation@51549490 is created
2020-02-08 01:22:26,862 INFO c.s.h.u.d.BeanFactory [main] Object of class com.senla.hotel.backend.repository.service.ServiceDao@36a5cabc is created
2020-02-08 01:22:26,863 INFO c.s.h.u.d.BeanFactory [main] Object of class com.senla.hotel.backend.repository.service.ServiceSerialisation@42530531 is created
2020-02-08 01:22:26,864 INFO c.s.h.u.d.BeanFactory [main] Object of class com.senla.hotel.backend.service.ServiceImpl@35645047 is created
2020-02-08 01:22:26,864 INFO c.s.h.u.d.BeanFactory [main] Object of class com.senla.hotel.ui.controller.MenuController@291f18 is created
2020-02-08 01:22:26,865 INFO c.s.h.u.d.BeanFactory [main] Object of class com.senla.hotel.ui.model.action.Exit@16eccb2e is created
2020-02-08 01:22:26,865 INFO c.s.h.u.d.BeanFactory [main] Object of class com.senla.hotel.ui.model.action.objects.guest.AddGuestAction@d771cc9 is created
2020-02-08 01:22:26,866 INFO c.s.h.u.d.BeanFactory [main] Object of class com.senla.hotel.ui.model.action.objects.guest.ChangeGuestAgeAction@4671115f is created
2020-02-08 01:22:26,866 INFO c.s.h.u.d.BeanFactory [main] Object of class com.senla.hotel.ui.model.action.objects.guest.ChangeGuestNameAction@3697186 is created
2020-02-08 01:22:26,867 INFO c.s.h.u.d.BeanFactory [main] Object of class com.senla.hotel.ui.model.action.objects.guest.DeleteGuestAction@5b367418 is created
2020-02-08 01:22:26,867 INFO c.s.h.u.d.BeanFactory [main] Object of class com.senla.hotel.ui.model.action.objects.room.AddRoomAction@481ba2cf is created
2020-02-08 01:22:26,868 INFO c.s.h.u.d.BeanFactory [main] Object of class com.senla.hotel.ui.model.action.objects.room.ChangeRoomNumberAction@2e48362c is created
2020-02-08 01:22:26,868 INFO c.s.h.u.d.BeanFactory [main] Object of class com.senla.hotel.ui.model.action.objects.room.ChangeRoomPriceAction@be68757 is created
2020-02-08 01:22:26,869 INFO c.s.h.u.d.BeanFactory [main] Object of class com.senla.hotel.ui.model.action.objects.room.ChangeRoomStatusAction@12d2ce03 is created
2020-02-08 01:22:26,869 INFO c.s.h.u.d.BeanFactory [main] Object of class com.senla.hotel.ui.model.action.objects.room.DeleteRoomAction@413f69cc is created
2020-02-08 01:22:26,870 INFO c.s.h.u.d.BeanFactory [main] Object of class com.senla.hotel.ui.model.action.objects.service.AddServiceAction@1b75c2e3 is created
2020-02-08 01:22:26,870 INFO c.s.h.u.d.BeanFactory [main] Object of class com.senla.hotel.ui.model.action.objects.service.ChangeServicePriceAction@3bd323e9 is created
2020-02-08 01:22:26,871 INFO c.s.h.u.d.BeanFactory [main] Object of class com.senla.hotel.ui.model.action.objects.service.ChangeServiceTitleAction@c7ba306 is created
2020-02-08 01:22:26,871 INFO c.s.h.u.d.BeanFactory [main] Object of class com.senla.hotel.ui.model.action.objects.service.DeleteServiceAction@6d167f58 is created
2020-02-08 01:22:26,872 INFO c.s.h.u.d.BeanFactory [main] Object of class com.senla.hotel.ui.model.action.residence.AddServicesAction@65b104b9 is created
2020-02-08 01:22:26,872 INFO c.s.h.u.d.BeanFactory [main] Object of class com.senla.hotel.ui.model.action.residence.DeleteServicesAction@327bcebd is created
2020-02-08 01:22:26,873 INFO c.s.h.u.d.BeanFactory [main] Object of class com.senla.hotel.ui.model.action.residence.EvictAction@74bf1791 is created
2020-02-08 01:22:26,873 INFO c.s.h.u.d.BeanFactory [main] Object of class com.senla.hotel.ui.model.action.residence.SettleAction@38b27cdc is created
2020-02-08 01:22:26,874 INFO c.s.h.u.d.BeanFactory [main] Object of class com.senla.hotel.ui.model.action.serialisation.guest.FileLoadGuestAction@1fb669c3 is created
2020-02-08 01:22:26,874 INFO c.s.h.u.d.BeanFactory [main] Object of class com.senla.hotel.ui.model.action.serialisation.guest.FileSaveGuestAction@6239aba6 is created
2020-02-08 01:22:26,875 INFO c.s.h.u.d.BeanFactory [main] Object of class com.senla.hotel.ui.model.action.serialisation.room.FileLoadRoomAction@12359a82 is created
2020-02-08 01:22:26,875 INFO c.s.h.u.d.BeanFactory [main] Object of class com.senla.hotel.ui.model.action.serialisation.room.FileSaveRoomAction@479460a6 is created
2020-02-08 01:22:26,876 INFO c.s.h.u.d.BeanFactory [main] Object of class com.senla.hotel.ui.model.action.serialisation.service.FileLoadServiceAction@4f3bbf68 is created
2020-02-08 01:22:26,877 INFO c.s.h.u.d.BeanFactory [main] Object of class com.senla.hotel.ui.model.action.serialisation.service.FileSaveServiceAction@3f91b517 is created
2020-02-08 01:22:26,877 INFO c.s.h.u.d.BeanFactory [main] Object of class com.senla.hotel.ui.model.builder.Builder@2421cc4 is created
2020-02-08 01:22:26,879 INFO c.s.h.u.d.BeanFactory [main] Object of class com.senla.hotel.ui.model.navigator.Navigator@338c99c8 is created
2020-02-08 01:22:26,879 INFO c.s.h.u.d.BeanFactory [main] Object of class com.senla.hotel.ui.view.ViewController@172b013 is created
2020-02-08 01:22:26,880 INFO c.s.h.u.d.BeanFactory [main] Object of class com.senla.hotel.util.Util@2796aeae is created
2020-02-08 01:22:26,880 INFO c.s.h.u.d.BeanFactory [main] Object of class com.senla.hotel.util.data.Data@70f02c32 is created
2020-02-08 01:22:26,881 INFO c.s.h.u.d.BeanFactory [main] Object of class com.senla.hotel.util.data.FillField@401f7633 is created
2020-02-08 01:22:26,906 INFO c.s.h.u.d.BeanFactory [main] Object of class com.senla.hotel.util.database.hibernate.Session@106cc338 is created
2020-02-08 01:22:26,907 INFO c.s.h.u.d.BeanFactory [main] Object of class com.senla.hotel.util.database.jdbc.Connect@15713d56 is created
2020-02-08 01:22:26,907 INFO c.s.h.u.d.BeanFactory [main] Object of class com.senla.hotel.util.dependency.BeanFactory@63f259c3 is created
2020-02-08 01:22:26,912 INFO c.s.h.u.d.BeanFactory [main] Object of class com.senla.hotel.util.mail.Mail@4716be8b is created
2020-02-08 01:22:26,915 INFO c.s.h.u.d.BeanFactory [main] Object of class com.senla.hotel.util.scanner.ScannerService@1046d517 is created
2020-02-08 01:22:26,923 INFO c.s.h.u.d.BeanFactory [main] Class com.senla.hotel.util.scanner.ScannerService@1046d517 is initialized by Interface
2020-02-08 01:22:26,923 INFO c.s.h.u.d.BeanFactory [main] Class com.senla.hotel.backend.service.ServiceImpl@35645047 is initialized by Interface
2020-02-08 01:22:26,924 INFO c.s.h.u.d.BeanFactory [main] Class com.senla.hotel.backend.service.ServiceImpl@35645047 is initialized by Interface
2020-02-08 01:22:26,924 INFO c.s.h.u.d.BeanFactory [main] Class com.senla.hotel.util.scanner.ScannerService@1046d517 is initialized by Interface
2020-02-08 01:22:26,924 INFO c.s.h.u.d.BeanFactory [main] Class com.senla.hotel.backend.service.ServiceImpl@35645047 is initialized by Interface
2020-02-08 01:22:26,924 INFO c.s.h.u.d.BeanFactory [main] Class com.senla.hotel.util.scanner.ScannerService@1046d517 is initialized by Interface
2020-02-08 01:22:26,925 INFO c.s.h.u.d.BeanFactory [main] Class com.senla.hotel.util.dependency.BeanFactory@63f259c3 is initialized by Interface
2020-02-08 01:22:26,925 INFO c.s.h.u.d.BeanFactory [main] Class com.senla.hotel.backend.service.ServiceImpl@35645047 is initialized by Interface
2020-02-08 01:22:26,925 INFO c.s.h.u.d.BeanFactory [main] Class com.senla.hotel.util.scanner.ScannerService@1046d517 is initialized by Interface
2020-02-08 01:22:26,926 INFO c.s.h.u.d.BeanFactory [main] Class com.senla.hotel.util.data.Data@70f02c32 is initialized by Interface
2020-02-08 01:22:26,926 INFO c.s.h.u.d.BeanFactory [main] Class com.senla.hotel.util.mail.Mail@4716be8b is initialized by Interface
2020-02-08 01:22:26,926 INFO c.s.h.u.d.BeanFactory [main] Class com.senla.hotel.util.database.jdbc.Connect@15713d56 is initialized by Interface
2020-02-08 01:22:26,927 INFO c.s.h.u.d.BeanFactory [main] Class com.senla.hotel.backend.service.ServiceImpl@35645047 is initialized by Interface
2020-02-08 01:22:26,927 INFO c.s.h.u.d.BeanFactory [main] Class com.senla.hotel.util.scanner.ScannerService@1046d517 is initialized by Interface
2020-02-08 01:22:26,927 INFO c.s.h.u.d.BeanFactory [main] Class com.senla.hotel.backend.service.ServiceImpl@35645047 is initialized by Interface
2020-02-08 01:22:26,927 INFO c.s.h.u.d.BeanFactory [main] Class com.senla.hotel.util.scanner.ScannerService@1046d517 is initialized by Interface
2020-02-08 01:22:26,928 INFO c.s.h.u.d.BeanFactory [main] Class com.senla.hotel.backend.service.ServiceImpl@35645047 is initialized by Interface
2020-02-08 01:22:26,928 INFO c.s.h.u.d.BeanFactory [main] Class com.senla.hotel.util.data.Data@70f02c32 is initialized by Interface
2020-02-08 01:22:26,928 INFO c.s.h.u.d.BeanFactory [main] Class com.senla.hotel.backend.service.ServiceImpl@35645047 is initialized by Interface
2020-02-08 01:22:26,928 INFO c.s.h.u.d.BeanFactory [main] Class com.senla.hotel.util.scanner.ScannerService@1046d517 is initialized by Interface
2020-02-08 01:22:26,929 INFO c.s.h.u.d.BeanFactory [main] Class com.senla.hotel.backend.service.ServiceImpl@35645047 is initialized by Interface
2020-02-08 01:22:26,929 INFO c.s.h.u.d.BeanFactory [main] Class com.senla.hotel.util.data.Data@70f02c32 is initialized by Interface
2020-02-08 01:22:26,929 INFO c.s.h.u.d.BeanFactory [main] Class com.senla.hotel.util.database.hibernate.Session@106cc338 is initialized by Interface
2020-02-08 01:22:26,929 INFO c.s.h.u.d.BeanFactory [main] Class com.senla.hotel.backend.service.ServiceImpl@35645047 is initialized by Interface
2020-02-08 01:22:26,930 INFO c.s.h.u.d.BeanFactory [main] Class com.senla.hotel.util.scanner.ScannerService@1046d517 is initialized by Interface
2020-02-08 01:22:26,930 INFO c.s.h.u.d.BeanFactory [main] Class com.senla.hotel.backend.service.ServiceImpl@35645047 is initialized by Interface
2020-02-08 01:22:26,930 INFO c.s.h.u.d.BeanFactory [main] Class com.senla.hotel.util.data.Data@70f02c32 is initialized by Interface
2020-02-08 01:22:26,930 INFO c.s.h.u.d.BeanFactory [main] Class com.senla.hotel.util.database.hibernate.Session@106cc338 is initialized by Interface
2020-02-08 01:22:26,930 INFO c.s.h.u.d.BeanFactory [main] Class com.senla.hotel.backend.service.ServiceImpl@35645047 is initialized by Interface
2020-02-08 01:22:26,931 INFO c.s.h.u.d.BeanFactory [main] Class com.senla.hotel.util.scanner.ScannerService@1046d517 is initialized by Interface
2020-02-08 01:22:26,931 INFO c.s.h.u.d.BeanFactory [main] Class com.senla.hotel.util.data.Data@70f02c32 is initialized by Interface
2020-02-08 01:22:26,931 INFO c.s.h.u.d.BeanFactory [main] Class com.senla.hotel.backend.service.ServiceImpl@35645047 is initialized by Interface
2020-02-08 01:22:26,931 INFO c.s.h.u.d.BeanFactory [main] Class com.senla.hotel.backend.service.ServiceImpl@35645047 is initialized by Interface
2020-02-08 01:22:26,931 INFO c.s.h.u.d.BeanFactory [main] Class com.senla.hotel.util.scanner.ScannerService@1046d517 is initialized by Interface
2020-02-08 01:22:26,932 INFO c.s.h.u.d.BeanFactory [main] Class com.senla.hotel.util.dependency.BeanFactory@63f259c3 is initialized by Interface
2020-02-08 01:22:26,932 INFO c.s.h.u.d.BeanFactory [main] Class com.senla.hotel.util.database.jdbc.Connect@15713d56 is initialized by Interface
2020-02-08 01:22:26,932 INFO c.s.h.u.d.BeanFactory [main] Class com.senla.hotel.util.database.hibernate.Session@106cc338 is initialized by Interface
2020-02-08 01:22:26,932 INFO c.s.h.u.d.BeanFactory [main] Class com.senla.hotel.backend.service.ServiceImpl@35645047 is initialized by Interface
2020-02-08 01:22:26,932 INFO c.s.h.u.d.BeanFactory [main] Class com.senla.hotel.util.scanner.ScannerService@1046d517 is initialized by Interface
2020-02-08 01:22:26,932 INFO c.s.h.u.d.BeanFactory [main] Class com.senla.hotel.backend.service.ServiceImpl@35645047 is initialized by Interface
2020-02-08 01:22:26,933 INFO c.s.h.u.d.BeanFactory [main] Class com.senla.hotel.util.scanner.ScannerService@1046d517 is initialized by Interface
2020-02-08 01:22:26,933 INFO c.s.h.u.d.BeanFactory [main] Class com.senla.hotel.backend.service.ServiceImpl@35645047 is initialized by Interface
2020-02-08 01:22:26,933 INFO c.s.h.u.d.BeanFactory [main] Class com.senla.hotel.util.scanner.ScannerService@1046d517 is initialized by Interface
2020-02-08 01:22:26,933 INFO c.s.h.u.d.BeanFactory [main] Class com.senla.hotel.backend.service.ServiceImpl@35645047 is initialized by Interface
2020-02-08 01:22:26,933 INFO c.s.h.u.d.BeanFactory [main] Class com.senla.hotel.util.scanner.ScannerService@1046d517 is initialized by Interface
2020-02-08 01:22:26,933 INFO c.s.h.u.d.BeanFactory [main] Class com.senla.hotel.backend.service.ServiceImpl@35645047 is initialized by Interface
2020-02-08 01:22:26,934 INFO c.s.h.u.d.BeanFactory [main] Class com.senla.hotel.util.scanner.ScannerService@1046d517 is initialized by Interface
2020-02-08 01:22:26,934 INFO c.s.h.u.d.BeanFactory [main] Class com.senla.hotel.backend.repository.guest.GuestDao@babafc2 is initialized by Interface
2020-02-08 01:22:26,934 INFO c.s.h.u.d.BeanFactory [main] Class com.senla.hotel.backend.repository.guest.GuestSerialisation@600b9d27 is initialized by Interface
2020-02-08 01:22:26,934 INFO c.s.h.u.d.BeanFactory [main] Class com.senla.hotel.backend.repository.room.RoomDao@50de186c is initialized by Interface
2020-02-08 01:22:26,934 INFO c.s.h.u.d.BeanFactory [main] Class com.senla.hotel.backend.repository.room.RoomSerialisation@51549490 is initialized by Interface
2020-02-08 01:22:26,934 INFO c.s.h.u.d.BeanFactory [main] Class com.senla.hotel.backend.repository.service.ServiceDao@36a5cabc is initialized by Interface
2020-02-08 01:22:26,935 INFO c.s.h.u.d.BeanFactory [main] Class com.senla.hotel.backend.repository.service.ServiceSerialisation@42530531 is initialized by Interface
2020-02-08 01:22:26,935 INFO c.s.h.u.d.BeanFactory [main] Class com.senla.hotel.backend.repository.residence.ResidenceDao@7922d892 is initialized by Interface
2020-02-08 01:22:26,936 INFO c.s.h.u.d.BeanFactory [main] Class com.senla.hotel.ui.view.ViewController@172b013 is initialized by Interface
2020-02-08 01:22:26,936 INFO c.s.h.u.d.BeanFactory [main] Class com.senla.hotel.ui.model.builder.Builder@2421cc4 is initialized by Interface
2020-02-08 01:22:26,936 INFO c.s.h.u.d.BeanFactory [main] Class com.senla.hotel.ui.model.navigator.Navigator@338c99c8 is initialized by Interface
2020-02-08 01:22:26,937 INFO c.s.h.u.d.BeanFactory [main] Class com.senla.hotel.backend.service.ServiceImpl@35645047 is initialized by Interface
2020-02-08 01:22:26,937 INFO c.s.h.u.d.BeanFactory [main] Class com.senla.hotel.util.scanner.ScannerService@1046d517 is initialized by Interface
2020-02-08 01:22:26,937 INFO c.s.h.u.d.BeanFactory [main] Class com.senla.hotel.util.database.jdbc.Connect@15713d56 is initialized by Interface
2020-02-08 01:22:26,937 INFO c.s.h.u.d.BeanFactory [main] Class com.senla.hotel.util.database.hibernate.Session@106cc338 is initialized by Interface
2020-02-08 01:22:26,937 INFO c.s.h.u.d.BeanFactory [main] Class com.senla.hotel.backend.service.ServiceImpl@35645047 is initialized by Interface
2020-02-08 01:22:26,938 INFO c.s.h.u.d.BeanFactory [main] Class com.senla.hotel.util.data.FillField@401f7633 is initialized by Interface
2020-02-08 01:22:26,938 INFO c.s.h.u.d.BeanFactory [main] Class com.senla.hotel.util.mail.Mail@4716be8b is initialized by Interface
2020-02-08 01:22:26,938 INFO c.s.h.u.d.BeanFactory [main] Class com.senla.hotel.backend.service.ServiceImpl@35645047 is initialized by Interface
2020-02-08 01:22:26,938 INFO c.s.h.u.d.BeanFactory [main] Class com.senla.hotel.util.scanner.ScannerService@1046d517 is initialized by Interface
2020-02-08 01:22:26,938 INFO c.s.h.u.d.BeanFactory [main] Class com.senla.hotel.backend.service.ServiceImpl@35645047 is initialized by Interface
2020-02-08 01:22:26,939 INFO c.s.h.u.d.BeanFactory [main] Class com.senla.hotel.util.scanner.ScannerService@1046d517 is initialized by Interface
2020-02-08 01:22:26,939 INFO c.s.h.u.d.BeanFactory [main] Class com.senla.hotel.backend.service.ServiceImpl@35645047 is initialized by Interface
2020-02-08 01:22:26,939 INFO c.s.h.u.d.BeanFactory [main] Class com.senla.hotel.backend.service.ServiceImpl@35645047 is initialized by Interface
2020-02-08 01:22:26,939 INFO c.s.h.u.d.BeanFactory [main] Class com.senla.hotel.backend.service.ServiceImpl@35645047 is initialized by Interface
2020-02-08 01:22:26,939 INFO c.s.h.u.d.BeanFactory [main] Class com.senla.hotel.util.scanner.ScannerService@1046d517 is initialized by Interface
2020-02-08 01:22:26,939 INFO c.s.h.u.d.BeanFactory [main] Class com.senla.hotel.backend.service.ServiceImpl@35645047 is initialized by Interface
2020-02-08 01:22:26,940 INFO c.s.h.u.d.BeanFactory [main] Class com.senla.hotel.util.scanner.ScannerService@1046d517 is initialized by Interface
2020-02-08 01:22:26,940 INFO c.s.h.u.d.BeanFactory [main] Class com.senla.hotel.ui.controller.MenuController@291f18 is initialized by Class
2020-02-08 01:22:26,940 INFO c.s.h.u.d.BeanFactory [main] Class com.senla.hotel.util.Util@2796aeae is initialized by Class
2020-02-08 01:22:26,940 INFO c.s.h.u.d.BeanFactory [main] Class com.senla.hotel.backend.service.ServiceImpl@35645047 is initialized by Interface
2020-02-08 01:22:26,940 INFO c.s.h.u.d.BeanFactory [main] Class com.senla.hotel.util.scanner.ScannerService@1046d517 is initialized by Interface
2020-02-08 01:22:26,940 INFO c.s.h.u.d.BeanFactory [main] Class com.senla.hotel.backend.service.ServiceImpl@35645047 is initialized by Interface
2020-02-08 01:22:26,941 INFO c.s.h.u.d.BeanFactory [main] Class com.senla.hotel.util.scanner.ScannerService@1046d517 is initialized by Interface
2020-02-08 01:22:26,941 INFO c.s.h.u.d.BeanFactory [main] Class com.senla.hotel.util.dependency.BeanFactory@63f259c3 is initialized by Interface
2020-02-08 01:22:26,941 INFO c.s.h.u.d.BeanFactory [main] Class com.senla.hotel.util.database.jdbc.Connect@15713d56 is initialized by Interface
2020-02-08 01:22:26,941 INFO c.s.h.u.d.BeanFactory [main] Class com.senla.hotel.util.database.hibernate.Session@106cc338 is initialized by Interface
2020-02-08 01:22:26,942 INFO c.s.h.u.d.BeanFactory [main] Class com.senla.hotel.backend.service.ServiceImpl@35645047 is initialized by Interface
2020-02-08 01:22:26,942 INFO c.s.h.u.d.BeanFactory [main] Class com.senla.hotel.util.scanner.ScannerService@1046d517 is initialized by Interface
2020-02-08 01:22:27,202 INFO o.h.Version [Thread-0] HHH000412: Hibernate Core {5.4.10.Final}
2020-02-08 01:22:27,671 INFO o.h.a.c.Version [Thread-0] HCANN000001: Hibernate Commons Annotations {5.1.0.Final}
2020-02-08 01:22:27,789 WARN o.h.o.c.pooling [Thread-0] HHH10001002: Using Hibernate built-in connection pool (not for production use!)
2020-02-08 01:22:27,790 INFO o.h.o.c.pooling [Thread-0] HHH10001005: using driver [org.postgresql.Driver] at URL [jdbc:postgresql://127.0.0.1:5432/hotel]
2020-02-08 01:22:27,790 INFO o.h.o.c.pooling [Thread-0] HHH10001001: Connection properties: {password=****, user=postgres}
2020-02-08 01:22:27,790 INFO o.h.o.c.pooling [Thread-0] HHH10001003: Autocommit mode: false
2020-02-08 01:22:27,793 INFO o.h.e.j.c.i.DriverManagerConnectionProviderImpl [Thread-0] HHH000115: Hibernate connection pool size: 20 (min=1)
2020-02-08 01:22:27,853 INFO o.h.d.Dialect [Thread-0] HHH000400: Using dialect: org.hibernate.dialect.PostgreSQL9Dialect
2020-02-08 22:55:37,403 INFO c.s.h.u.d.BeanFactory [main] Object of class com.senla.hotel.Main@573906eb is created
2020-02-08 22:55:37,408 INFO c.s.h.u.d.BeanFactory [main] Object of class com.senla.hotel.backend.repository.guest.GuestDao@1115ec15 is created
2020-02-08 22:55:37,410 INFO c.s.h.u.d.BeanFactory [main] Object of class com.senla.hotel.backend.repository.guest.GuestSerialisation@3af0a9da is created
2020-02-08 22:55:37,411 INFO c.s.h.u.d.BeanFactory [main] Object of class com.senla.hotel.backend.repository.residence.ResidenceDao@8e50104 is created
2020-02-08 22:55:37,412 INFO c.s.h.u.d.BeanFactory [main] Object of class com.senla.hotel.backend.repository.room.RoomDao@74a6f9c1 is created
2020-02-08 22:55:37,413 INFO c.s.h.u.d.BeanFactory [main] Object of class com.senla.hotel.backend.repository.room.RoomSerialisation@63611043 is created
2020-02-08 22:55:37,414 INFO c.s.h.u.d.BeanFactory [main] Object of class com.senla.hotel.backend.repository.service.ServiceDao@73302995 is created
2020-02-08 22:55:37,415 INFO c.s.h.u.d.BeanFactory [main] Object of class com.senla.hotel.backend.repository.service.ServiceSerialisation@7d9e8ef7 is created
2020-02-08 22:55:37,415 INFO c.s.h.u.d.BeanFactory [main] Object of class com.senla.hotel.backend.service.ServiceImpl@4b213651 is created
2020-02-08 22:55:37,416 INFO c.s.h.u.d.BeanFactory [main] Object of class com.senla.hotel.ui.controller.MenuController@60410cd is created
2020-02-08 22:55:37,417 INFO c.s.h.u.d.BeanFactory [main] Object of class com.senla.hotel.ui.model.action.Exit@38604b81 is created
2020-02-08 22:55:37,417 INFO c.s.h.u.d.BeanFactory [main] Object of class com.senla.hotel.ui.model.action.objects.guest.AddGuestAction@7393222f is created
2020-02-08 22:55:37,418 INFO c.s.h.u.d.BeanFactory [main] Object of class com.senla.hotel.ui.model.action.objects.guest.ChangeGuestAgeAction@31add175 is created
2020-02-08 22:55:37,418 INFO c.s.h.u.d.BeanFactory [main] Object of class com.senla.hotel.ui.model.action.objects.guest.ChangeGuestNameAction@600b9d27 is created
2020-02-08 22:55:37,419 INFO c.s.h.u.d.BeanFactory [main] Object of class com.senla.hotel.ui.model.action.objects.guest.DeleteGuestAction@69f1a286 is created
2020-02-08 22:55:37,419 INFO c.s.h.u.d.BeanFactory [main] Object of class com.senla.hotel.ui.model.action.objects.room.AddRoomAction@457c9034 is created
2020-02-08 22:55:37,420 INFO c.s.h.u.d.BeanFactory [main] Object of class com.senla.hotel.ui.model.action.objects.room.ChangeRoomNumberAction@50de186c is created
2020-02-08 22:55:37,420 INFO c.s.h.u.d.BeanFactory [main] Object of class com.senla.hotel.ui.model.action.objects.room.ChangeRoomPriceAction@1e8b7643 is created
2020-02-08 22:55:37,421 INFO c.s.h.u.d.BeanFactory [main] Object of class com.senla.hotel.ui.model.action.objects.room.ChangeRoomStatusAction@71e9ebae is created
2020-02-08 22:55:37,421 INFO c.s.h.u.d.BeanFactory [main] Object of class com.senla.hotel.ui.model.action.objects.room.DeleteRoomAction@36a5cabc is created
2020-02-08 22:55:37,422 INFO c.s.h.u.d.BeanFactory [main] Object of class com.senla.hotel.ui.model.action.objects.service.AddServiceAction@7daa0fbd is created
2020-02-08 22:55:37,423 INFO c.s.h.u.d.BeanFactory [main] Object of class com.senla.hotel.ui.model.action.objects.service.ChangeServicePriceAction@5a3bc7ed is created
2020-02-08 22:55:37,424 INFO c.s.h.u.d.BeanFactory [main] Object of class com.senla.hotel.ui.model.action.objects.service.ChangeServiceTitleAction@35645047 is created
2020-02-08 22:55:37,424 INFO c.s.h.u.d.BeanFactory [main] Object of class com.senla.hotel.ui.model.action.objects.service.DeleteServiceAction@6bc407fd is created
2020-02-08 22:55:37,425 INFO c.s.h.u.d.BeanFactory [main] Object of class com.senla.hotel.ui.model.action.residence.AddServicesAction@17d88132 is created
2020-02-08 22:55:37,426 INFO c.s.h.u.d.BeanFactory [main] Object of class com.senla.hotel.ui.model.action.residence.DeleteServicesAction@16eccb2e is created
2020-02-08 22:55:37,426 INFO c.s.h.u.d.BeanFactory [main] Object of class com.senla.hotel.ui.model.action.residence.EvictAction@d771cc9 is created
2020-02-08 22:55:37,427 INFO c.s.h.u.d.BeanFactory [main] Object of class com.senla.hotel.ui.model.action.residence.SettleAction@4671115f is created
2020-02-08 22:55:37,428 INFO c.s.h.u.d.BeanFactory [main] Object of class com.senla.hotel.ui.model.action.serialisation.guest.FileLoadGuestAction@3697186 is created
2020-02-08 22:55:37,428 INFO c.s.h.u.d.BeanFactory [main] Object of class com.senla.hotel.ui.model.action.serialisation.guest.FileSaveGuestAction@5b367418 is created
2020-02-08 22:55:37,429 INFO c.s.h.u.d.BeanFactory [main] Object of class com.senla.hotel.ui.model.action.serialisation.room.FileLoadRoomAction@481ba2cf is created
2020-02-08 22:55:37,430 INFO c.s.h.u.d.BeanFactory [main] Object of class com.senla.hotel.ui.model.action.serialisation.room.FileSaveRoomAction@2e48362c is created
2020-02-08 22:55:37,430 INFO c.s.h.u.d.BeanFactory [main] Object of class com.senla.hotel.ui.model.action.serialisation.service.FileLoadServiceAction@be68757 is created
2020-02-08 22:55:37,431 INFO c.s.h.u.d.BeanFactory [main] Object of class com.senla.hotel.ui.model.action.serialisation.service.FileSaveServiceAction@12d2ce03 is created
2020-02-08 22:55:37,432 INFO c.s.h.u.d.BeanFactory [main] Object of class com.senla.hotel.ui.model.builder.Builder@1f53a5dc is created
2020-02-08 22:55:37,434 INFO c.s.h.u.d.BeanFactory [main] Object of class com.senla.hotel.ui.model.navigator.Navigator@3bd323e9 is created
2020-02-08 22:55:37,434 INFO c.s.h.u.d.BeanFactory [main] Object of class com.senla.hotel.ui.view.ViewController@4ff8d125 is created
2020-02-08 22:55:37,435 INFO c.s.h.u.d.BeanFactory [main] Object of class com.senla.hotel.util.Util@3403e2ac is created
2020-02-08 22:55:37,436 INFO c.s.h.u.d.BeanFactory [main] Object of class com.senla.hotel.util.data.Data@327bcebd is created
2020-02-08 22:55:37,436 INFO c.s.h.u.d.BeanFactory [main] Object of class com.senla.hotel.util.data.FillField@54504ecd is created
2020-02-08 22:55:37,474 INFO c.s.h.u.d.BeanFactory [main] Object of class com.senla.hotel.util.database.hibernate.Session@68df9280 is created
2020-02-08 22:55:37,475 INFO c.s.h.u.d.BeanFactory [main] Object of class com.senla.hotel.util.database.jdbc.Connect@4f3bbf68 is created
2020-02-08 22:55:37,476 INFO c.s.h.u.d.BeanFactory [main] Object of class com.senla.hotel.util.dependency.BeanFactory@5be46f9d is created
2020-02-08 22:55:37,480 INFO c.s.h.u.d.BeanFactory [main] Object of class com.senla.hotel.util.mail.Mail@67d18ed7 is created
2020-02-08 22:55:37,483 INFO c.s.h.u.d.BeanFactory [main] Object of class com.senla.hotel.util.scanner.ScannerService@26ceffa8 is created
2020-02-08 22:55:37,491 INFO c.s.h.u.d.BeanFactory [main] Class com.senla.hotel.util.scanner.ScannerService@26ceffa8 is initialized by Interface
2020-02-08 22:55:37,492 INFO c.s.h.u.d.BeanFactory [main] Class com.senla.hotel.backend.service.ServiceImpl@4b213651 is initialized by Interface
2020-02-08 22:55:37,492 INFO c.s.h.u.d.BeanFactory [main] Class com.senla.hotel.backend.service.ServiceImpl@4b213651 is initialized by Interface
2020-02-08 22:55:37,492 INFO c.s.h.u.d.BeanFactory [main] Class com.senla.hotel.util.scanner.ScannerService@26ceffa8 is initialized by Interface
2020-02-08 22:55:37,492 INFO c.s.h.u.d.BeanFactory [main] Class com.senla.hotel.backend.service.ServiceImpl@4b213651 is initialized by Interface
2020-02-08 22:55:37,492 INFO c.s.h.u.d.BeanFactory [main] Class com.senla.hotel.util.scanner.ScannerService@26ceffa8 is initialized by Interface
2020-02-08 22:55:37,493 INFO c.s.h.u.d.BeanFactory [main] Class com.senla.hotel.util.dependency.BeanFactory@5be46f9d is initialized by Interface
2020-02-08 22:55:37,493 INFO c.s.h.u.d.BeanFactory [main] Class com.senla.hotel.backend.service.ServiceImpl@4b213651 is initialized by Interface
2020-02-08 22:55:37,493 INFO c.s.h.u.d.BeanFactory [main] Class com.senla.hotel.util.scanner.ScannerService@26ceffa8 is initialized by Interface
2020-02-08 22:55:37,494 INFO c.s.h.u.d.BeanFactory [main] Class com.senla.hotel.util.data.Data@327bcebd is initialized by Interface
2020-02-08 22:55:37,494 INFO c.s.h.u.d.BeanFactory [main] Class com.senla.hotel.util.mail.Mail@67d18ed7 is initialized by Interface
2020-02-08 22:55:37,494 INFO c.s.h.u.d.BeanFactory [main] Class com.senla.hotel.util.database.jdbc.Connect@4f3bbf68 is initialized by Interface
2020-02-08 22:55:37,494 INFO c.s.h.u.d.BeanFactory [main] Class com.senla.hotel.backend.service.ServiceImpl@4b213651 is initialized by Interface
2020-02-08 22:55:37,495 INFO c.s.h.u.d.BeanFactory [main] Class com.senla.hotel.util.scanner.ScannerService@26ceffa8 is initialized by Interface
2020-02-08 22:55:37,495 INFO c.s.h.u.d.BeanFactory [main] Class com.senla.hotel.backend.service.ServiceImpl@4b213651 is initialized by Interface
2020-02-08 22:55:37,495 INFO c.s.h.u.d.BeanFactory [main] Class com.senla.hotel.util.scanner.ScannerService@26ceffa8 is initialized by Interface
2020-02-08 22:55:37,496 INFO c.s.h.u.d.BeanFactory [main] Class com.senla.hotel.backend.service.ServiceImpl@4b213651 is initialized by Interface
2020-02-08 22:55:37,496 INFO c.s.h.u.d.BeanFactory [main] Class com.senla.hotel.util.data.Data@327bcebd is initialized by Interface
2020-02-08 22:55:37,496 INFO c.s.h.u.d.BeanFactory [main] Class com.senla.hotel.backend.service.ServiceImpl@4b213651 is initialized by Interface
2020-02-08 22:55:37,496 INFO c.s.h.u.d.BeanFactory [main] Class com.senla.hotel.util.scanner.ScannerService@26ceffa8 is initialized by Interface
2020-02-08 22:55:37,497 INFO c.s.h.u.d.BeanFactory [main] Class com.senla.hotel.backend.service.ServiceImpl@4b213651 is initialized by Interface
2020-02-08 22:55:37,497 INFO c.s.h.u.d.BeanFactory [main] Class com.senla.hotel.util.data.Data@327bcebd is initialized by Interface
2020-02-08 22:55:37,497 INFO c.s.h.u.d.BeanFactory [main] Class com.senla.hotel.util.database.hibernate.Session@68df9280 is initialized by Interface
2020-02-08 22:55:37,497 INFO c.s.h.u.d.BeanFactory [main] Class com.senla.hotel.backend.service.ServiceImpl@4b213651 is initialized by Interface
2020-02-08 22:55:37,497 INFO c.s.h.u.d.BeanFactory [main] Class com.senla.hotel.util.scanner.ScannerService@26ceffa8 is initialized by Interface
2020-02-08 22:55:37,497 INFO c.s.h.u.d.BeanFactory [main] Class com.senla.hotel.backend.service.ServiceImpl@4b213651 is initialized by Interface
2020-02-08 22:55:37,498 INFO c.s.h.u.d.BeanFactory [main] Class com.senla.hotel.util.data.Data@327bcebd is initialized by Interface
2020-02-08 22:55:37,498 INFO c.s.h.u.d.BeanFactory [main] Class com.senla.hotel.util.database.hibernate.Session@68df9280 is initialized by Interface
2020-02-08 22:55:37,498 INFO c.s.h.u.d.BeanFactory [main] Class com.senla.hotel.backend.service.ServiceImpl@4b213651 is initialized by Interface
2020-02-08 22:55:37,498 INFO c.s.h.u.d.BeanFactory [main] Class com.senla.hotel.util.scanner.ScannerService@26ceffa8 is initialized by Interface
2020-02-08 22:55:37,498 INFO c.s.h.u.d.BeanFactory [main] Class com.senla.hotel.util.data.Data@327bcebd is initialized by Interface
2020-02-08 22:55:37,499 INFO c.s.h.u.d.BeanFactory [main] Class com.senla.hotel.backend.service.ServiceImpl@4b213651 is initialized by Interface
2020-02-08 22:55:37,499 INFO c.s.h.u.d.BeanFactory [main] Class com.senla.hotel.backend.service.ServiceImpl@4b213651 is initialized by Interface
2020-02-08 22:55:37,499 INFO c.s.h.u.d.BeanFactory [main] Class com.senla.hotel.util.scanner.ScannerService@26ceffa8 is initialized by Interface
2020-02-08 22:55:37,500 INFO c.s.h.u.d.BeanFactory [main] Class com.senla.hotel.util.dependency.BeanFactory@5be46f9d is initialized by Interface
2020-02-08 22:55:37,500 INFO c.s.h.u.d.BeanFactory [main] Class com.senla.hotel.util.database.jdbc.Connect@4f3bbf68 is initialized by Interface
2020-02-08 22:55:37,500 INFO c.s.h.u.d.BeanFactory [main] Class com.senla.hotel.util.database.hibernate.Session@68df9280 is initialized by Interface
2020-02-08 22:55:37,501 INFO c.s.h.u.d.BeanFactory [main] Class com.senla.hotel.backend.service.ServiceImpl@4b213651 is initialized by Interface
2020-02-08 22:55:37,501 INFO c.s.h.u.d.BeanFactory [main] Class com.senla.hotel.util.scanner.ScannerService@26ceffa8 is initialized by Interface
2020-02-08 22:55:37,501 INFO c.s.h.u.d.BeanFactory [main] Class com.senla.hotel.backend.service.ServiceImpl@4b213651 is initialized by Interface
2020-02-08 22:55:37,501 INFO c.s.h.u.d.BeanFactory [main] Class com.senla.hotel.util.scanner.ScannerService@26ceffa8 is initialized by Interface
2020-02-08 22:55:37,501 INFO c.s.h.u.d.BeanFactory [main] Class com.senla.hotel.backend.service.ServiceImpl@4b213651 is initialized by Interface
2020-02-08 22:55:37,501 INFO c.s.h.u.d.BeanFactory [main] Class com.senla.hotel.util.scanner.ScannerService@26ceffa8 is initialized by Interface
2020-02-08 22:55:37,502 INFO c.s.h.u.d.BeanFactory [main] Class com.senla.hotel.backend.service.ServiceImpl@4b213651 is initialized by Interface
2020-02-08 22:55:37,502 INFO c.s.h.u.d.BeanFactory [main] Class com.senla.hotel.util.scanner.ScannerService@26ceffa8 is initialized by Interface
2020-02-08 22:55:37,502 INFO c.s.h.u.d.BeanFactory [main] Class com.senla.hotel.backend.service.ServiceImpl@4b213651 is initialized by Interface
2020-02-08 22:55:37,502 INFO c.s.h.u.d.BeanFactory [main] Class com.senla.hotel.util.scanner.ScannerService@26ceffa8 is initialized by Interface
2020-02-08 22:55:37,502 INFO c.s.h.u.d.BeanFactory [main] Class com.senla.hotel.backend.repository.guest.GuestDao@1115ec15 is initialized by Interface
2020-02-08 22:55:37,502 INFO c.s.h.u.d.BeanFactory [main] Class com.senla.hotel.backend.repository.guest.GuestSerialisation@3af0a9da is initialized by Interface
2020-02-08 22:55:37,503 INFO c.s.h.u.d.BeanFactory [main] Class com.senla.hotel.backend.repository.room.RoomDao@74a6f9c1 is initialized by Interface
2020-02-08 22:55:37,503 INFO c.s.h.u.d.BeanFactory [main] Class com.senla.hotel.backend.repository.room.RoomSerialisation@63611043 is initialized by Interface
2020-02-08 22:55:37,503 INFO c.s.h.u.d.BeanFactory [main] Class com.senla.hotel.backend.repository.service.ServiceDao@73302995 is initialized by Interface
2020-02-08 22:55:37,503 INFO c.s.h.u.d.BeanFactory [main] Class com.senla.hotel.backend.repository.service.ServiceSerialisation@7d9e8ef7 is initialized by Interface
2020-02-08 22:55:37,503 INFO c.s.h.u.d.BeanFactory [main] Class com.senla.hotel.backend.repository.residence.ResidenceDao@8e50104 is initialized by Interface
2020-02-08 22:55:37,504 INFO c.s.h.u.d.BeanFactory [main] Class com.senla.hotel.ui.view.ViewController@4ff8d125 is initialized by Interface
2020-02-08 22:55:37,505 INFO c.s.h.u.d.BeanFactory [main] Class com.senla.hotel.ui.model.builder.Builder@1f53a5dc is initialized by Interface
2020-02-08 22:55:37,505 INFO c.s.h.u.d.BeanFactory [main] Class com.senla.hotel.ui.model.navigator.Navigator@3bd323e9 is initialized by Interface
2020-02-08 22:55:37,505 INFO c.s.h.u.d.BeanFactory [main] Class com.senla.hotel.backend.service.ServiceImpl@4b213651 is initialized by Interface
2020-02-08 22:55:37,505 INFO c.s.h.u.d.BeanFactory [main] Class com.senla.hotel.util.scanner.ScannerService@26ceffa8 is initialized by Interface
2020-02-08 22:55:37,505 INFO c.s.h.u.d.BeanFactory [main] Class com.senla.hotel.util.database.jdbc.Connect@4f3bbf68 is initialized by Interface
2020-02-08 22:55:37,505 INFO c.s.h.u.d.BeanFactory [main] Class com.senla.hotel.util.database.hibernate.Session@68df9280 is initialized by Interface
2020-02-08 22:55:37,506 INFO c.s.h.u.d.BeanFactory [main] Class com.senla.hotel.backend.service.ServiceImpl@4b213651 is initialized by Interface
2020-02-08 22:55:37,506 INFO c.s.h.u.d.BeanFactory [main] Class com.senla.hotel.util.data.FillField@54504ecd is initialized by Interface
2020-02-08 22:55:37,506 INFO c.s.h.u.d.BeanFactory [main] Class com.senla.hotel.util.mail.Mail@67d18ed7 is initialized by Interface
2020-02-08 22:55:37,506 INFO c.s.h.u.d.BeanFactory [main] Class com.senla.hotel.backend.service.ServiceImpl@4b213651 is initialized by Interface
2020-02-08 22:55:37,506 INFO c.s.h.u.d.BeanFactory [main] Class com.senla.hotel.util.scanner.ScannerService@26ceffa8 is initialized by Interface
2020-02-08 22:55:37,506 INFO c.s.h.u.d.BeanFactory [main] Class com.senla.hotel.backend.service.ServiceImpl@4b213651 is initialized by Interface
2020-02-08 22:55:37,507 INFO c.s.h.u.d.BeanFactory [main] Class com.senla.hotel.util.scanner.ScannerService@26ceffa8 is initialized by Interface
2020-02-08 22:55:37,507 INFO c.s.h.u.d.BeanFactory [main] Class com.senla.hotel.backend.service.ServiceImpl@4b213651 is initialized by Interface
2020-02-08 22:55:37,507 INFO c.s.h.u.d.BeanFactory [main] Class com.senla.hotel.backend.service.ServiceImpl@4b213651 is initialized by Interface
2020-02-08 22:55:37,507 INFO c.s.h.u.d.BeanFactory [main] Class com.senla.hotel.backend.service.ServiceImpl@4b213651 is initialized by Interface
2020-02-08 22:55:37,507 INFO c.s.h.u.d.BeanFactory [main] Class com.senla.hotel.util.scanner.ScannerService@26ceffa8 is initialized by Interface
2020-02-08 22:55:37,507 INFO c.s.h.u.d.BeanFactory [main] Class com.senla.hotel.backend.service.ServiceImpl@4b213651 is initialized by Interface
2020-02-08 22:55:37,508 INFO c.s.h.u.d.BeanFactory [main] Class com.senla.hotel.util.scanner.ScannerService@26ceffa8 is initialized by Interface
2020-02-08 22:55:37,508 INFO c.s.h.u.d.BeanFactory [main] Class com.senla.hotel.ui.controller.MenuController@60410cd is initialized by Class
2020-02-08 22:55:37,508 INFO c.s.h.u.d.BeanFactory [main] Class com.senla.hotel.util.Util@3403e2ac is initialized by Class
2020-02-08 22:55:37,508 INFO c.s.h.u.d.BeanFactory [main] Class com.senla.hotel.backend.service.ServiceImpl@4b213651 is initialized by Interface
2020-02-08 22:55:37,508 INFO c.s.h.u.d.BeanFactory [main] Class com.senla.hotel.util.scanner.ScannerService@26ceffa8 is initialized by Interface
2020-02-08 22:55:37,508 INFO c.s.h.u.d.BeanFactory [main] Class com.senla.hotel.backend.service.ServiceImpl@4b213651 is initialized by Interface
2020-02-08 22:55:37,509 INFO c.s.h.u.d.BeanFactory [main] Class com.senla.hotel.util.scanner.ScannerService@26ceffa8 is initialized by Interface
2020-02-08 22:55:37,509 INFO c.s.h.u.d.BeanFactory [main] Class com.senla.hotel.util.dependency.BeanFactory@5be46f9d is initialized by Interface
2020-02-08 22:55:37,509 INFO c.s.h.u.d.BeanFactory [main] Class com.senla.hotel.util.database.jdbc.Connect@4f3bbf68 is initialized by Interface
2020-02-08 22:55:37,509 INFO c.s.h.u.d.BeanFactory [main] Class com.senla.hotel.util.database.hibernate.Session@68df9280 is initialized by Interface
2020-02-08 22:55:37,510 INFO c.s.h.u.d.BeanFactory [main] Class com.senla.hotel.backend.service.ServiceImpl@4b213651 is initialized by Interface
2020-02-08 22:55:37,510 INFO c.s.h.u.d.BeanFactory [main] Class com.senla.hotel.util.scanner.ScannerService@26ceffa8 is initialized by Interface
2020-02-08 22:55:37,760 INFO o.h.Version [Thread-0] HHH000412: Hibernate Core {5.4.10.Final}
2020-02-08 22:55:38,216 INFO o.h.a.c.Version [Thread-0] HCANN000001: Hibernate Commons Annotations {5.1.0.Final}
2020-02-08 22:55:38,339 WARN o.h.o.c.pooling [Thread-0] HHH10001002: Using Hibernate built-in connection pool (not for production use!)
2020-02-08 22:55:38,340 INFO o.h.o.c.pooling [Thread-0] HHH10001005: using driver [org.postgresql.Driver] at URL [jdbc:postgresql://127.0.0.1:5432/hotel]
2020-02-08 22:55:38,340 INFO o.h.o.c.pooling [Thread-0] HHH10001001: Connection properties: {password=****, user=postgres}
2020-02-08 22:55:38,340 INFO o.h.o.c.pooling [Thread-0] HHH10001003: Autocommit mode: false
2020-02-08 22:55:38,343 INFO o.h.e.j.c.i.DriverManagerConnectionProviderImpl [Thread-0] HHH000115: Hibernate connection pool size: 20 (min=1)
2020-02-08 22:55:38,406 INFO o.h.d.Dialect [Thread-0] HHH000400: Using dialect: org.hibernate.dialect.PostgreSQL9Dialect
2020-02-08 22:58:25,758 INFO c.s.h.u.d.BeanFactory [main] Object of class com.senla.hotel.Main@573906eb is created
2020-02-08 22:58:25,763 INFO c.s.h.u.d.BeanFactory [main] Object of class com.senla.hotel.backend.repository.guest.GuestDao@1115ec15 is created
2020-02-08 22:58:25,764 INFO c.s.h.u.d.BeanFactory [main] Object of class com.senla.hotel.backend.repository.guest.GuestSerialisation@3af0a9da is created
2020-02-08 22:58:25,765 INFO c.s.h.u.d.BeanFactory [main] Object of class com.senla.hotel.backend.repository.residence.ResidenceDao@8e50104 is created
2020-02-08 22:58:25,766 INFO c.s.h.u.d.BeanFactory [main] Object of class com.senla.hotel.backend.repository.room.RoomDao@74a6f9c1 is created
2020-02-08 22:58:25,767 INFO c.s.h.u.d.BeanFactory [main] Object of class com.senla.hotel.backend.repository.room.RoomSerialisation@63611043 is created
2020-02-08 22:58:25,768 INFO c.s.h.u.d.BeanFactory [main] Object of class com.senla.hotel.backend.repository.service.ServiceDao@73302995 is created
2020-02-08 22:58:25,769 INFO c.s.h.u.d.BeanFactory [main] Object of class com.senla.hotel.backend.repository.service.ServiceSerialisation@7d9e8ef7 is created
2020-02-08 22:58:25,770 INFO c.s.h.u.d.BeanFactory [main] Object of class com.senla.hotel.backend.service.ServiceImpl@4b213651 is created
2020-02-08 22:58:25,770 INFO c.s.h.u.d.BeanFactory [main] Object of class com.senla.hotel.ui.controller.MenuController@60410cd is created
2020-02-08 22:58:25,771 INFO c.s.h.u.d.BeanFactory [main] Object of class com.senla.hotel.ui.model.action.Exit@38604b81 is created
2020-02-08 22:58:25,771 INFO c.s.h.u.d.BeanFactory [main] Object of class com.senla.hotel.ui.model.action.objects.guest.AddGuestAction@7393222f is created
2020-02-08 22:58:25,772 INFO c.s.h.u.d.BeanFactory [main] Object of class com.senla.hotel.ui.model.action.objects.guest.ChangeGuestAgeAction@31add175 is created
2020-02-08 22:58:25,773 INFO c.s.h.u.d.BeanFactory [main] Object of class com.senla.hotel.ui.model.action.objects.guest.ChangeGuestNameAction@600b9d27 is created
2020-02-08 22:58:25,780 INFO c.s.h.u.d.BeanFactory [main] Object of class com.senla.hotel.ui.model.action.objects.guest.DeleteGuestAction@69f1a286 is created
2020-02-08 22:58:25,782 INFO c.s.h.u.d.BeanFactory [main] Object of class com.senla.hotel.ui.model.action.objects.room.AddRoomAction@457c9034 is created
2020-02-08 22:58:25,782 INFO c.s.h.u.d.BeanFactory [main] Object of class com.senla.hotel.ui.model.action.objects.room.ChangeRoomNumberAction@50de186c is created
2020-02-08 22:58:25,783 INFO c.s.h.u.d.BeanFactory [main] Object of class com.senla.hotel.ui.model.action.objects.room.ChangeRoomPriceAction@1e8b7643 is created
2020-02-08 22:58:25,783 INFO c.s.h.u.d.BeanFactory [main] Object of class com.senla.hotel.ui.model.action.objects.room.ChangeRoomStatusAction@71e9ebae is created
2020-02-08 22:58:25,784 INFO c.s.h.u.d.BeanFactory [main] Object of class com.senla.hotel.ui.model.action.objects.room.DeleteRoomAction@36a5cabc is created
2020-02-08 22:58:25,784 INFO c.s.h.u.d.BeanFactory [main] Object of class com.senla.hotel.ui.model.action.objects.service.AddServiceAction@7daa0fbd is created
2020-02-08 22:58:25,785 INFO c.s.h.u.d.BeanFactory [main] Object of class com.senla.hotel.ui.model.action.objects.service.ChangeServicePriceAction@5a3bc7ed is created
2020-02-08 22:58:25,785 INFO c.s.h.u.d.BeanFactory [main] Object of class com.senla.hotel.ui.model.action.objects.service.ChangeServiceTitleAction@35645047 is created
2020-02-08 22:58:25,786 INFO c.s.h.u.d.BeanFactory [main] Object of class com.senla.hotel.ui.model.action.objects.service.DeleteServiceAction@6bc407fd is created
2020-02-08 22:58:25,786 INFO c.s.h.u.d.BeanFactory [main] Object of class com.senla.hotel.ui.model.action.residence.AddServicesAction@17d88132 is created
2020-02-08 22:58:25,787 INFO c.s.h.u.d.BeanFactory [main] Object of class com.senla.hotel.ui.model.action.residence.DeleteServicesAction@16eccb2e is created
2020-02-08 22:58:25,787 INFO c.s.h.u.d.BeanFactory [main] Object of class com.senla.hotel.ui.model.action.residence.EvictAction@d771cc9 is created
2020-02-08 22:58:25,788 INFO c.s.h.u.d.BeanFactory [main] Object of class com.senla.hotel.ui.model.action.residence.SettleAction@4671115f is created
2020-02-08 22:58:25,788 INFO c.s.h.u.d.BeanFactory [main] Object of class com.senla.hotel.ui.model.action.serialisation.guest.FileLoadGuestAction@3697186 is created
2020-02-08 22:58:25,789 INFO c.s.h.u.d.BeanFactory [main] Object of class com.senla.hotel.ui.model.action.serialisation.guest.FileSaveGuestAction@5b367418 is created
2020-02-08 22:58:25,789 INFO c.s.h.u.d.BeanFactory [main] Object of class com.senla.hotel.ui.model.action.serialisation.room.FileLoadRoomAction@481ba2cf is created
2020-02-08 22:58:25,790 INFO c.s.h.u.d.BeanFactory [main] Object of class com.senla.hotel.ui.model.action.serialisation.room.FileSaveRoomAction@2e48362c is created
2020-02-08 22:58:25,790 INFO c.s.h.u.d.BeanFactory [main] Object of class com.senla.hotel.ui.model.action.serialisation.service.FileLoadServiceAction@be68757 is created
2020-02-08 22:58:25,791 INFO c.s.h.u.d.BeanFactory [main] Object of class com.senla.hotel.ui.model.action.serialisation.service.FileSaveServiceAction@12d2ce03 is created
2020-02-08 22:58:25,792 INFO c.s.h.u.d.BeanFactory [main] Object of class com.senla.hotel.ui.model.builder.Builder@1f53a5dc is created
2020-02-08 22:58:25,793 INFO c.s.h.u.d.BeanFactory [main] Object of class com.senla.hotel.ui.model.navigator.Navigator@3bd323e9 is created
2020-02-08 22:58:25,793 INFO c.s.h.u.d.BeanFactory [main] Object of class com.senla.hotel.ui.view.ViewController@4ff8d125 is created
2020-02-08 22:58:25,793 INFO c.s.h.u.d.BeanFactory [main] Object of class com.senla.hotel.util.Util@3403e2ac is created
2020-02-08 22:58:25,794 INFO c.s.h.u.d.BeanFactory [main] Object of class com.senla.hotel.util.data.Data@327bcebd is created
2020-02-08 22:58:25,795 INFO c.s.h.u.d.BeanFactory [main] Object of class com.senla.hotel.util.data.FillField@54504ecd is created
2020-02-08 22:58:25,823 INFO c.s.h.u.d.BeanFactory [main] Object of class com.senla.hotel.util.database.hibernate.Session@68df9280 is created
2020-02-08 22:58:25,824 INFO c.s.h.u.d.BeanFactory [main] Object of class com.senla.hotel.util.database.jdbc.Connect@4f3bbf68 is created
2020-02-08 22:58:25,824 INFO c.s.h.u.d.BeanFactory [main] Object of class com.senla.hotel.util.dependency.BeanFactory@5be46f9d is created
2020-02-08 22:58:25,827 INFO c.s.h.u.d.BeanFactory [main] Object of class com.senla.hotel.util.mail.Mail@67d18ed7 is created
2020-02-08 22:58:25,830 INFO c.s.h.u.d.BeanFactory [main] Object of class com.senla.hotel.util.scanner.ScannerService@26ceffa8 is created
2020-02-08 22:58:25,838 INFO c.s.h.u.d.BeanFactory [main] Class com.senla.hotel.util.scanner.ScannerService@26ceffa8 is initialized by Interface
2020-02-08 22:58:25,838 INFO c.s.h.u.d.BeanFactory [main] Class com.senla.hotel.backend.service.ServiceImpl@4b213651 is initialized by Interface
2020-02-08 22:58:25,839 INFO c.s.h.u.d.BeanFactory [main] Class com.senla.hotel.backend.service.ServiceImpl@4b213651 is initialized by Interface
2020-02-08 22:58:25,839 INFO c.s.h.u.d.BeanFactory [main] Class com.senla.hotel.util.scanner.ScannerService@26ceffa8 is initialized by Interface
2020-02-08 22:58:25,839 INFO c.s.h.u.d.BeanFactory [main] Class com.senla.hotel.backend.service.ServiceImpl@4b213651 is initialized by Interface
2020-02-08 22:58:25,839 INFO c.s.h.u.d.BeanFactory [main] Class com.senla.hotel.util.scanner.ScannerService@26ceffa8 is initialized by Interface
2020-02-08 22:58:25,839 INFO c.s.h.u.d.BeanFactory [main] Class com.senla.hotel.util.dependency.BeanFactory@5be46f9d is initialized by Interface
2020-02-08 22:58:25,840 INFO c.s.h.u.d.BeanFactory [main] Class com.senla.hotel.backend.service.ServiceImpl@4b213651 is initialized by Interface
2020-02-08 22:58:25,840 INFO c.s.h.u.d.BeanFactory [main] Class com.senla.hotel.util.scanner.ScannerService@26ceffa8 is initialized by Interface
2020-02-08 22:58:25,840 INFO c.s.h.u.d.BeanFactory [main] Class com.senla.hotel.util.data.Data@327bcebd is initialized by Interface
2020-02-08 22:58:25,841 INFO c.s.h.u.d.BeanFactory [main] Class com.senla.hotel.util.mail.Mail@67d18ed7 is initialized by Interface
2020-02-08 22:58:25,841 INFO c.s.h.u.d.BeanFactory [main] Class com.senla.hotel.util.database.jdbc.Connect@4f3bbf68 is initialized by Interface
2020-02-08 22:58:25,841 INFO c.s.h.u.d.BeanFactory [main] Class com.senla.hotel.backend.service.ServiceImpl@4b213651 is initialized by Interface
2020-02-08 22:58:25,841 INFO c.s.h.u.d.BeanFactory [main] Class com.senla.hotel.util.scanner.ScannerService@26ceffa8 is initialized by Interface
2020-02-08 22:58:25,842 INFO c.s.h.u.d.BeanFactory [main] Class com.senla.hotel.backend.service.ServiceImpl@4b213651 is initialized by Interface
2020-02-08 22:58:25,842 INFO c.s.h.u.d.BeanFactory [main] Class com.senla.hotel.util.scanner.ScannerService@26ceffa8 is initialized by Interface
2020-02-08 22:58:25,842 INFO c.s.h.u.d.BeanFactory [main] Class com.senla.hotel.backend.service.ServiceImpl@4b213651 is initialized by Interface
2020-02-08 22:58:25,843 INFO c.s.h.u.d.BeanFactory [main] Class com.senla.hotel.util.data.Data@327bcebd is initialized by Interface
2020-02-08 22:58:25,843 INFO c.s.h.u.d.BeanFactory [main] Class com.senla.hotel.backend.service.ServiceImpl@4b213651 is initialized by Interface
2020-02-08 22:58:25,843 INFO c.s.h.u.d.BeanFactory [main] Class com.senla.hotel.util.scanner.ScannerService@26ceffa8 is initialized by Interface
2020-02-08 22:58:25,843 INFO c.s.h.u.d.BeanFactory [main] Class com.senla.hotel.backend.service.ServiceImpl@4b213651 is initialized by Interface
2020-02-08 22:58:25,844 INFO c.s.h.u.d.BeanFactory [main] Class com.senla.hotel.util.data.Data@327bcebd is initialized by Interface
2020-02-08 22:58:25,844 INFO c.s.h.u.d.BeanFactory [main] Class com.senla.hotel.util.database.hibernate.Session@68df9280 is initialized by Interface
2020-02-08 22:58:25,844 INFO c.s.h.u.d.BeanFactory [main] Class com.senla.hotel.backend.service.ServiceImpl@4b213651 is initialized by Interface
2020-02-08 22:58:25,844 INFO c.s.h.u.d.BeanFactory [main] Class com.senla.hotel.util.scanner.ScannerService@26ceffa8 is initialized by Interface
2020-02-08 22:58:25,844 INFO c.s.h.u.d.BeanFactory [main] Class com.senla.hotel.backend.service.ServiceImpl@4b213651 is initialized by Interface
2020-02-08 22:58:25,845 INFO c.s.h.u.d.BeanFactory [main] Class com.senla.hotel.util.data.Data@327bcebd is initialized by Interface
2020-02-08 22:58:25,845 INFO c.s.h.u.d.BeanFactory [main] Class com.senla.hotel.util.database.hibernate.Session@68df9280 is initialized by Interface
2020-02-08 22:58:25,845 INFO c.s.h.u.d.BeanFactory [main] Class com.senla.hotel.backend.service.ServiceImpl@4b213651 is initialized by Interface
2020-02-08 22:58:25,845 INFO c.s.h.u.d.BeanFactory [main] Class com.senla.hotel.util.scanner.ScannerService@26ceffa8 is initialized by Interface
2020-02-08 22:58:25,845 INFO c.s.h.u.d.BeanFactory [main] Class com.senla.hotel.util.data.Data@327bcebd is initialized by Interface
2020-02-08 22:58:25,845 INFO c.s.h.u.d.BeanFactory [main] Class com.senla.hotel.backend.service.ServiceImpl@4b213651 is initialized by Interface
2020-02-08 22:58:25,846 INFO c.s.h.u.d.BeanFactory [main] Class com.senla.hotel.backend.service.ServiceImpl@4b213651 is initialized by Interface
2020-02-08 22:58:25,846 INFO c.s.h.u.d.BeanFactory [main] Class com.senla.hotel.util.scanner.ScannerService@26ceffa8 is initialized by Interface
2020-02-08 22:58:25,846 INFO c.s.h.u.d.BeanFactory [main] Class com.senla.hotel.util.dependency.BeanFactory@5be46f9d is initialized by Interface
2020-02-08 22:58:25,846 INFO c.s.h.u.d.BeanFactory [main] Class com.senla.hotel.util.database.jdbc.Connect@4f3bbf68 is initialized by Interface
2020-02-08 22:58:25,846 INFO c.s.h.u.d.BeanFactory [main] Class com.senla.hotel.util.database.hibernate.Session@68df9280 is initialized by Interface
2020-02-08 22:58:25,847 INFO c.s.h.u.d.BeanFactory [main] Class com.senla.hotel.backend.service.ServiceImpl@4b213651 is initialized by Interface
2020-02-08 22:58:25,847 INFO c.s.h.u.d.BeanFactory [main] Class com.senla.hotel.util.scanner.ScannerService@26ceffa8 is initialized by Interface
2020-02-08 22:58:25,847 INFO c.s.h.u.d.BeanFactory [main] Class com.senla.hotel.backend.service.ServiceImpl@4b213651 is initialized by Interface
2020-02-08 22:58:25,847 INFO c.s.h.u.d.BeanFactory [main] Class com.senla.hotel.util.scanner.ScannerService@26ceffa8 is initialized by Interface
2020-02-08 22:58:25,847 INFO c.s.h.u.d.BeanFactory [main] Class com.senla.hotel.backend.service.ServiceImpl@4b213651 is initialized by Interface
2020-02-08 22:58:25,847 INFO c.s.h.u.d.BeanFactory [main] Class com.senla.hotel.util.scanner.ScannerService@26ceffa8 is initialized by Interface
2020-02-08 22:58:25,848 INFO c.s.h.u.d.BeanFactory [main] Class com.senla.hotel.backend.service.ServiceImpl@4b213651 is initialized by Interface
2020-02-08 22:58:25,848 INFO c.s.h.u.d.BeanFactory [main] Class com.senla.hotel.util.scanner.ScannerService@26ceffa8 is initialized by Interface
2020-02-08 22:58:25,848 INFO c.s.h.u.d.BeanFactory [main] Class com.senla.hotel.backend.service.ServiceImpl@4b213651 is initialized by Interface
2020-02-08 22:58:25,848 INFO c.s.h.u.d.BeanFactory [main] Class com.senla.hotel.util.scanner.ScannerService@26ceffa8 is initialized by Interface
2020-02-08 22:58:25,848 INFO c.s.h.u.d.BeanFactory [main] Class com.senla.hotel.backend.repository.guest.GuestDao@1115ec15 is initialized by Interface
2020-02-08 22:58:25,848 INFO c.s.h.u.d.BeanFactory [main] Class com.senla.hotel.backend.repository.guest.GuestSerialisation@3af0a9da is initialized by Interface
2020-02-08 22:58:25,849 INFO c.s.h.u.d.BeanFactory [main] Class com.senla.hotel.backend.repository.room.RoomDao@74a6f9c1 is initialized by Interface
2020-02-08 22:58:25,849 INFO c.s.h.u.d.BeanFactory [main] Class com.senla.hotel.backend.repository.room.RoomSerialisation@63611043 is initialized by Interface
2020-02-08 22:58:25,849 INFO c.s.h.u.d.BeanFactory [main] Class com.senla.hotel.backend.repository.service.ServiceDao@73302995 is initialized by Interface
2020-02-08 22:58:25,849 INFO c.s.h.u.d.BeanFactory [main] Class com.senla.hotel.backend.repository.service.ServiceSerialisation@7d9e8ef7 is initialized by Interface
2020-02-08 22:58:25,849 INFO c.s.h.u.d.BeanFactory [main] Class com.senla.hotel.backend.repository.residence.ResidenceDao@8e50104 is initialized by Interface
2020-02-08 22:58:25,850 INFO c.s.h.u.d.BeanFactory [main] Class com.senla.hotel.ui.view.ViewController@4ff8d125 is initialized by Interface
2020-02-08 22:58:25,851 INFO c.s.h.u.d.BeanFactory [main] Class com.senla.hotel.ui.model.builder.Builder@1f53a5dc is initialized by Interface
2020-02-08 22:58:25,851 INFO c.s.h.u.d.BeanFactory [main] Class com.senla.hotel.ui.model.navigator.Navigator@3bd323e9 is initialized by Interface
2020-02-08 22:58:25,851 INFO c.s.h.u.d.BeanFactory [main] Class com.senla.hotel.backend.service.ServiceImpl@4b213651 is initialized by Interface
2020-02-08 22:58:25,851 INFO c.s.h.u.d.BeanFactory [main] Class com.senla.hotel.util.scanner.ScannerService@26ceffa8 is initialized by Interface
2020-02-08 22:58:25,851 INFO c.s.h.u.d.BeanFactory [main] Class com.senla.hotel.util.database.jdbc.Connect@4f3bbf68 is initialized by Interface
2020-02-08 22:58:25,851 INFO c.s.h.u.d.BeanFactory [main] Class com.senla.hotel.util.database.hibernate.Session@68df9280 is initialized by Interface
2020-02-08 22:58:25,852 INFO c.s.h.u.d.BeanFactory [main] Class com.senla.hotel.backend.service.ServiceImpl@4b213651 is initialized by Interface
2020-02-08 22:58:25,852 INFO c.s.h.u.d.BeanFactory [main] Class com.senla.hotel.util.data.FillField@54504ecd is initialized by Interface
2020-02-08 22:58:25,852 INFO c.s.h.u.d.BeanFactory [main] Class com.senla.hotel.util.mail.Mail@67d18ed7 is initialized by Interface
2020-02-08 22:58:25,852 INFO c.s.h.u.d.BeanFactory [main] Class com.senla.hotel.backend.service.ServiceImpl@4b213651 is initialized by Interface
2020-02-08 22:58:25,852 INFO c.s.h.u.d.BeanFactory [main] Class com.senla.hotel.util.scanner.ScannerService@26ceffa8 is initialized by Interface
2020-02-08 22:58:25,852 INFO c.s.h.u.d.BeanFactory [main] Class com.senla.hotel.backend.service.ServiceImpl@4b213651 is initialized by Interface
2020-02-08 22:58:25,852 INFO c.s.h.u.d.BeanFactory [main] Class com.senla.hotel.util.scanner.ScannerService@26ceffa8 is initialized by Interface
2020-02-08 22:58:25,853 INFO c.s.h.u.d.BeanFactory [main] Class com.senla.hotel.backend.service.ServiceImpl@4b213651 is initialized by Interface
2020-02-08 22:58:25,853 INFO c.s.h.u.d.BeanFactory [main] Class com.senla.hotel.backend.service.ServiceImpl@4b213651 is initialized by Interface
2020-02-08 22:58:25,853 INFO c.s.h.u.d.BeanFactory [main] Class com.senla.hotel.backend.service.ServiceImpl@4b213651 is initialized by Interface
2020-02-08 22:58:25,853 INFO c.s.h.u.d.BeanFactory [main] Class com.senla.hotel.util.scanner.ScannerService@26ceffa8 is initialized by Interface
2020-02-08 22:58:25,853 INFO c.s.h.u.d.BeanFactory [main] Class com.senla.hotel.backend.service.ServiceImpl@4b213651 is initialized by Interface
2020-02-08 22:58:25,854 INFO c.s.h.u.d.BeanFactory [main] Class com.senla.hotel.util.scanner.ScannerService@26ceffa8 is initialized by Interface
2020-02-08 22:58:25,854 INFO c.s.h.u.d.BeanFactory [main] Class com.senla.hotel.ui.controller.MenuController@60410cd is initialized by Class
2020-02-08 22:58:25,854 INFO c.s.h.u.d.BeanFactory [main] Class com.senla.hotel.util.Util@3403e2ac is initialized by Class
2020-02-08 22:58:25,854 INFO c.s.h.u.d.BeanFactory [main] Class com.senla.hotel.backend.service.ServiceImpl@4b213651 is initialized by Interface
2020-02-08 22:58:25,854 INFO c.s.h.u.d.BeanFactory [main] Class com.senla.hotel.util.scanner.ScannerService@26ceffa8 is initialized by Interface
2020-02-08 22:58:25,854 INFO c.s.h.u.d.BeanFactory [main] Class com.senla.hotel.backend.service.ServiceImpl@4b213651 is initialized by Interface
2020-02-08 22:58:25,855 INFO c.s.h.u.d.BeanFactory [main] Class com.senla.hotel.util.scanner.ScannerService@26ceffa8 is initialized by Interface
2020-02-08 22:58:25,855 INFO c.s.h.u.d.BeanFactory [main] Class com.senla.hotel.util.dependency.BeanFactory@5be46f9d is initialized by Interface
2020-02-08 22:58:25,855 INFO c.s.h.u.d.BeanFactory [main] Class com.senla.hotel.util.database.jdbc.Connect@4f3bbf68 is initialized by Interface
2020-02-08 22:58:25,855 INFO c.s.h.u.d.BeanFactory [main] Class com.senla.hotel.util.database.hibernate.Session@68df9280 is initialized by Interface
2020-02-08 22:58:25,856 INFO c.s.h.u.d.BeanFactory [main] Class com.senla.hotel.backend.service.ServiceImpl@4b213651 is initialized by Interface
2020-02-08 22:58:25,856 INFO c.s.h.u.d.BeanFactory [main] Class com.senla.hotel.util.scanner.ScannerService@26ceffa8 is initialized by Interface
2020-02-08 22:58:26,051 INFO o.h.Version [Thread-0] HHH000412: Hibernate Core {5.4.10.Final}
2020-02-08 22:58:26,423 INFO o.h.a.c.Version [Thread-0] HCANN000001: Hibernate Commons Annotations {5.1.0.Final}
2020-02-08 22:58:26,529 WARN o.h.o.c.pooling [Thread-0] HHH10001002: Using Hibernate built-in connection pool (not for production use!)
2020-02-08 22:58:26,530 INFO o.h.o.c.pooling [Thread-0] HHH10001005: using driver [org.postgresql.Driver] at URL [jdbc:postgresql://127.0.0.1:5432/hotel]
2020-02-08 22:58:26,530 INFO o.h.o.c.pooling [Thread-0] HHH10001001: Connection properties: {password=****, user=postgres}
2020-02-08 22:58:26,530 INFO o.h.o.c.pooling [Thread-0] HHH10001003: Autocommit mode: false
2020-02-08 22:58:26,533 INFO o.h.e.j.c.i.DriverManagerConnectionProviderImpl [Thread-0] HHH000115: Hibernate connection pool size: 20 (min=1)
2020-02-08 22:58:26,590 INFO o.h.d.Dialect [Thread-0] HHH000400: Using dialect: org.hibernate.dialect.PostgreSQL9Dialect
